<?xml version="1.0" encoding="UTF-8"?>
<testng-results skipped="0" failed="0" total="1" passed="1">
  <reporter-output>
  </reporter-output>
  <suite name="tests.TestCase" duration-ms="49" started-at="2018-10-18T12:38:12Z" finished-at="2018-10-18T12:38:12Z">
    <groups>
    </groups>
    <test name="Command line test" duration-ms="49" started-at="2018-10-18T12:38:12Z" finished-at="2018-10-18T12:38:12Z">
      <class name="tests.TestCase">
        <test-method status="PASS" signature="a()[pri:0, instance:tests.TestCase@4411d970]" name="a" duration-ms="16" started-at="2018-10-18T05:38:12Z" finished-at="2018-10-18T05:38:12Z">
          <reporter-output>
          </reporter-output>
        </test-method> <!-- a -->
      </class> <!-- tests.TestCase -->
    </test> <!-- Command line test -->
  </suite> <!-- tests.TestCase -->
</testng-results>
