<?xml version="1.0" encoding="UTF-8"?>
<testng-results skipped="0" failed="0" total="1" passed="1">
  <reporter-output>
  </reporter-output>
  <suite name="Default suite" duration-ms="41" started-at="2018-10-07T14:26:39Z" finished-at="2018-10-07T14:26:39Z">
    <groups>
    </groups>
    <test name="Default test" duration-ms="41" started-at="2018-10-07T14:26:39Z" finished-at="2018-10-07T14:26:39Z">
      <class name="tests.TestCase">
        <test-method status="PASS" signature="a()[pri:0, instance:tests.TestCase@7c16905e]" name="a" duration-ms="16" started-at="2018-10-07T07:26:39Z" finished-at="2018-10-07T07:26:39Z">
          <reporter-output>
          </reporter-output>
        </test-method> <!-- a -->
      </class> <!-- tests.TestCase -->
    </test> <!-- Default test -->
  </suite> <!-- Default suite -->
</testng-results>
